  glad.c
  imagebuffer.cpp
c:\users\eddy\desktop\assignment4 alternate version\assignment4 alternate version\a4\imagebuffer.cpp(83): warning C4244: 'argument': conversion from 'double' to 'T', possible loss of data
          with
          [
              T=float
          ]
  Light.cpp
  main.cpp
  Plane.cpp
  Program.cpp
c:\users\eddy\desktop\assignment4 alternate version\assignment4 alternate version\a4\program.cpp(317): warning C4244: 'initializing': conversion from 'double' to 'float', possible loss of data
c:\users\eddy\desktop\assignment4 alternate version\assignment4 alternate version\a4\program.cpp(318): warning C4244: 'initializing': conversion from 'double' to 'float', possible loss of data
c:\users\eddy\desktop\assignment4 alternate version\assignment4 alternate version\a4\program.cpp(319): warning C4305: 'initializing': truncation from 'double' to 'float'
  Shape.cpp
  Triangle.cpp
  Ray.cpp
  Sphere.cpp
c:\users\eddy\desktop\assignment4 alternate version\assignment4 alternate version\a4\sphere.cpp(6): warning C4244: '=': conversion from 'double' to 'float', possible loss of data
  Generating Code...
LINK : warning LNK4098: defaultlib 'MSVCRT' conflicts with use of other libs; use /NODEFAULTLIB:library
  a4.vcxproj -> C:\Users\eddy\Desktop\Assignment4 alternate version\Assignment4 alternate version\Debug\a4.exe
