  glad.c
  imagebuffer.cpp
c:\users\eddy\downloads\453-eb1eeb85e26c4507e3ac8d52dabc656640844520\453-eb1eeb85e26c4507e3ac8d52dabc656640844520\assignment4\a4\imagebuffer.cpp(83): warning C4244: 'argument': conversion from 'double' to 'T', possible loss of data
          with
          [
              T=float
          ]
  Light.cpp
  main.cpp
  Plane.cpp
  Program.cpp
c:\users\eddy\downloads\453-eb1eeb85e26c4507e3ac8d52dabc656640844520\453-eb1eeb85e26c4507e3ac8d52dabc656640844520\assignment4\a4\program.cpp(1127): warning C4244: 'initializing': conversion from 'double' to 'float', possible loss of data
c:\users\eddy\downloads\453-eb1eeb85e26c4507e3ac8d52dabc656640844520\453-eb1eeb85e26c4507e3ac8d52dabc656640844520\assignment4\a4\program.cpp(1146): warning C4244: 'initializing': conversion from 'double' to 'float', possible loss of data
c:\users\eddy\downloads\453-eb1eeb85e26c4507e3ac8d52dabc656640844520\453-eb1eeb85e26c4507e3ac8d52dabc656640844520\assignment4\a4\program.cpp(1204): warning C4244: 'initializing': conversion from 'double' to 'float', possible loss of data
c:\users\eddy\downloads\453-eb1eeb85e26c4507e3ac8d52dabc656640844520\453-eb1eeb85e26c4507e3ac8d52dabc656640844520\assignment4\a4\program.cpp(1223): warning C4244: 'initializing': conversion from 'double' to 'float', possible loss of data
  Shape.cpp
  Triangle.cpp
  Ray.cpp
  Sphere.cpp
  Generating Code...
LINK : warning LNK4098: defaultlib 'MSVCRT' conflicts with use of other libs; use /NODEFAULTLIB:library
  a4.vcxproj -> C:\Users\Eddy\Downloads\453-eb1eeb85e26c4507e3ac8d52dabc656640844520\453-eb1eeb85e26c4507e3ac8d52dabc656640844520\Assignment4\Debug\a4.exe
