  glad.c
  Geometry.cpp
  main.cpp
  Program.cpp
c:\users\eddy\documents\github\453\assignment5\refactoredboilerplate\program.cpp(133): warning C4305: '=': truncation from 'double' to 'float'
c:\users\eddy\documents\github\453\assignment5\refactoredboilerplate\program.cpp(136): warning C4305: '=': truncation from 'double' to 'float'
c:\users\eddy\documents\github\453\assignment5\refactoredboilerplate\program.cpp(140): warning C4305: '=': truncation from 'double' to 'float'
c:\users\eddy\documents\github\453\assignment5\refactoredboilerplate\program.cpp(143): warning C4305: '=': truncation from 'double' to 'float'
c:\users\eddy\documents\github\453\assignment5\refactoredboilerplate\program.cpp(153): warning C4244: '+=': conversion from 'double' to 'float', possible loss of data
c:\users\eddy\documents\github\453\assignment5\refactoredboilerplate\program.cpp(183): warning C4244: '+=': conversion from 'double' to 'float', possible loss of data
c:\users\eddy\documents\github\453\assignment5\refactoredboilerplate\program.cpp(184): warning C4244: '+=': conversion from 'double' to 'float', possible loss of data
c:\users\eddy\documents\github\453\assignment5\refactoredboilerplate\program.cpp(188): warning C4305: '=': truncation from 'double' to 'float'
c:\users\eddy\documents\github\453\assignment5\refactoredboilerplate\program.cpp(191): warning C4305: '=': truncation from 'double' to 'float'
c:\users\eddy\documents\github\453\assignment5\refactoredboilerplate\program.cpp(194): warning C4305: '=': truncation from 'double' to 'float'
c:\users\eddy\documents\github\453\assignment5\refactoredboilerplate\program.cpp(197): warning C4305: '=': truncation from 'double' to 'float'
  RenderingEngine.cpp
  Scene.cpp
c:\users\eddy\documents\github\453\assignment5\refactoredboilerplate\scene.cpp(49): warning C4305: 'argument': truncation from 'double' to 'float'
c:\users\eddy\documents\github\453\assignment5\refactoredboilerplate\scene.cpp(50): warning C4305: 'argument': truncation from 'double' to 'float'
c:\users\eddy\documents\github\453\assignment5\refactoredboilerplate\scene.cpp(69): warning C4305: '=': truncation from 'double' to 'float'
  ShaderTools.cpp
  texture.cpp
  Generating Code...
  LINK : C:\Users\Eddy\Documents\GitHub\453\Assignment5\Debug\RefactoredBoilerplate.exe not found or not built by the last incremental link; performing full link
LINK : warning LNK4098: defaultlib 'MSVCRT' conflicts with use of other libs; use /NODEFAULTLIB:library
  RefactoredBoilerplate.vcxproj -> C:\Users\Eddy\Documents\GitHub\453\Assignment5\Debug\RefactoredBoilerplate.exe
